[debug] [2023-03-02T02:08:32.024Z] ----------------------------------------------------------------------
[debug] [2023-03-02T02:08:32.028Z] Command:       /home/kevin/.nvm/versions/node/v16.17.1/bin/node /home/kevin/.nvm/versions/node/v16.17.1/bin/firebase deploy --only hosting
[debug] [2023-03-02T02:08:32.029Z] CLI Version:   11.17.0
[debug] [2023-03-02T02:08:32.030Z] Platform:      linux
[debug] [2023-03-02T02:08:32.030Z] Node Version:  v16.17.1
[debug] [2023-03-02T02:08:32.031Z] Time:          Wed Mar 01 2023 18:08:32 GMT-0800 (Pacific Standard Time)
[debug] [2023-03-02T02:08:32.032Z] ----------------------------------------------------------------------
[debug] 
[debug] [2023-03-02T02:08:32.053Z] >>> [apiv2][query] GET https://firebase-public.firebaseio.com/cli.json [none]
[debug] [2023-03-02T02:08:32.225Z] > command requires scopes: ["email","openid","https://www.googleapis.com/auth/cloudplatformprojects.readonly","https://www.googleapis.com/auth/firebase","https://www.googleapis.com/auth/cloud-platform"]
[debug] [2023-03-02T02:08:32.226Z] > authorizing via signed-in user (ucsbhacks@gmail.com)
[debug] [2023-03-02T02:08:32.227Z] [iam] checking project sbhacks-viii-site for permissions ["firebase.projects.get","firebasehosting.sites.update"]
[debug] [2023-03-02T02:08:32.230Z] > refreshing access token with scopes: []
[debug] [2023-03-02T02:08:32.232Z] >>> [apiv2][query] POST https://www.googleapis.com/oauth2/v3/token [none]
[debug] [2023-03-02T02:08:32.232Z] >>> [apiv2][body] POST https://www.googleapis.com/oauth2/v3/token [omitted]
[debug] [2023-03-02T02:08:32.515Z] <<< [apiv2][status] GET https://firebase-public.firebaseio.com/cli.json 200
[debug] [2023-03-02T02:08:32.516Z] <<< [apiv2][body] GET https://firebase-public.firebaseio.com/cli.json {"cloudBuildErrorAfter":1594252800000,"cloudBuildWarnAfter":1590019200000,"defaultNode10After":1594252800000,"minVersion":"3.0.5","node8DeploysDisabledAfter":1613390400000,"node8RuntimeDisabledAfter":1615809600000,"node8WarnAfter":1600128000000}
[debug] [2023-03-02T02:08:32.552Z] <<< [apiv2][status] POST https://www.googleapis.com/oauth2/v3/token 200
[debug] [2023-03-02T02:08:32.553Z] <<< [apiv2][body] POST https://www.googleapis.com/oauth2/v3/token [omitted]
[debug] [2023-03-02T02:08:32.588Z] >>> [apiv2][query] POST https://cloudresourcemanager.googleapis.com/v1/projects/sbhacks-viii-site:testIamPermissions [none]
[debug] [2023-03-02T02:08:32.588Z] >>> [apiv2][(partial)header] POST https://cloudresourcemanager.googleapis.com/v1/projects/sbhacks-viii-site:testIamPermissions x-goog-quota-user=projects/sbhacks-viii-site
[debug] [2023-03-02T02:08:32.589Z] >>> [apiv2][body] POST https://cloudresourcemanager.googleapis.com/v1/projects/sbhacks-viii-site:testIamPermissions {"permissions":["firebase.projects.get","firebasehosting.sites.update"]}
[debug] [2023-03-02T02:08:34.742Z] <<< [apiv2][status] POST https://cloudresourcemanager.googleapis.com/v1/projects/sbhacks-viii-site:testIamPermissions 200
[debug] [2023-03-02T02:08:34.746Z] <<< [apiv2][body] POST https://cloudresourcemanager.googleapis.com/v1/projects/sbhacks-viii-site:testIamPermissions {"permissions":["firebase.projects.get","firebasehosting.sites.update"]}
[debug] [2023-03-02T02:08:34.753Z] >>> [apiv2][query] GET https://firebase.googleapis.com/v1beta1/projects/sbhacks-viii-site [none]
[debug] [2023-03-02T02:08:35.998Z] <<< [apiv2][status] GET https://firebase.googleapis.com/v1beta1/projects/sbhacks-viii-site 200
[debug] [2023-03-02T02:08:35.999Z] <<< [apiv2][body] GET https://firebase.googleapis.com/v1beta1/projects/sbhacks-viii-site {"projectId":"sbhacks-viii-site","projectNumber":"229761677178","displayName":"sbhacks-viii-site","name":"projects/sbhacks-viii-site","resources":{"hostingSite":"sbhacks-viii-site","storageBucket":"sbhacks-viii-site.appspot.com","locationId":"us-central"},"state":"ACTIVE","etag":"1_ed785c8b-2ede-4b77-84dc-e7c752fffdf4"}
[info] 
[info] === Deploying to 'sbhacks-viii-site'...
[info] 
[info] i  deploying hosting 
[debug] [2023-03-02T02:08:36.594Z] >>> [apiv2][query] POST https://firebasehosting.googleapis.com/v1beta1/projects/-/sites/sbhacks-viii-site/versions [none]
[debug] [2023-03-02T02:08:36.605Z] >>> [apiv2][body] POST https://firebasehosting.googleapis.com/v1beta1/projects/-/sites/sbhacks-viii-site/versions {"status":"CREATED","labels":{"deployment-tool":"cli-firebase"}}
[debug] [2023-03-02T02:08:38.632Z] <<< [apiv2][status] POST https://firebasehosting.googleapis.com/v1beta1/projects/-/sites/sbhacks-viii-site/versions 200
[debug] [2023-03-02T02:08:38.634Z] <<< [apiv2][body] POST https://firebasehosting.googleapis.com/v1beta1/projects/-/sites/sbhacks-viii-site/versions {"name":"projects/229761677178/sites/sbhacks-viii-site/versions/70ea4b0986276672","status":"CREATED","config":{},"labels":{"deployment-tool":"cli-firebase"}}
[info] i  hosting[sbhacks-viii-site]: beginning deploy... 
[info] i  hosting[sbhacks-viii-site]: found 68 files in build 
[debug] [2023-03-02T02:08:39.551Z] [hosting] uploading with 200 concurrency
[debug] [2023-03-02T02:08:46.413Z] [hosting] hash cache [YnVpbGQ] stored for 68 files
[debug] [2023-03-02T02:08:46.414Z] [hosting][hash queue][FINAL] {"max":6393,"min":1157,"avg":3442.426470588235,"active":0,"complete":68,"success":68,"errored":0,"retried":0,"total":68,"elapsed":6621}
[debug] [2023-03-02T02:08:46.414Z] >>> [apiv2][query] POST https://firebasehosting.googleapis.com/v1beta1/projects/229761677178/sites/sbhacks-viii-site/versions/70ea4b0986276672:populateFiles [none]
[debug] [2023-03-02T02:08:46.415Z] >>> [apiv2][body] POST https://firebasehosting.googleapis.com/v1beta1/projects/229761677178/sites/sbhacks-viii-site/versions/70ea4b0986276672:populateFiles {"files":{"/asset-manifest.json":"0533a3249b365ce8a28c779d491296ff0ed0ec8e3fd988a0e2636285e3718398","/favicon.ico":"37ef810cafb72b2845522a59cbb40b9d82432030253cfcecf35000a47eaa53ba","/index.html":"d96e0e86a2b5d0ad344953baf8f4c0bf0dae054ea3b94c54105332f5dfa899f1","/robots.txt":"2544ca049f223a42bff01f72ad930a5edba75bbb7199d0f8430a02ff5aca16ec","/icons/email.png":"5d17bfa7b4028acd430e5c04f990c7c2d92efd75b82e295571ae43742010e9a5","/icons/facebook.png":"74ec319383867c98bfb1ca026011c6115f1c0a27d15fdaee0b8ec158459e8160","/static/css/main.cd88d275.chunk.css":"a0567a8c0f75c6ff7cd951a7edd655dd671e8df1440e92c28ccc7654671a693b","/static/css/main.cd88d275.chunk.css.map":"01dd7baa4a88fa224ae968bff8edaa1a7d1b4c7d4b55dcf137204c7b8174ad12","/static/js/2.1682ddc0.chunk.js.LICENSE.txt":"ca881350a534310c653f359be930fe7e3059b98ea5b38857510859d724fbbb11","/static/js/3.373f7048.chunk.js.map":"9313e7e92781f79626010f60b3bb1cd635993856bfa340b59f2b54df8babefb2","/static/js/3.373f7048.chunk.js":"9214f47e632a08a23449233f68a69caea1e8ad76b7a5025c4d2c727835ed8ee7","/static/js/runtime-main.2a760e60.js":"5d305f673c80c763628177c5e1481f8ad7ed40ed14428123928e97bb19628b77","/static/js/runtime-main.2a760e60.js.map":"09c828281b641eac61debaa4d922e64c0728d27a3c53d9a8336b77a621c49b78","/static/media/checkmark.65264916.svg":"5983b524695ba0f42e9d0869462deb78a84b52d1fcf1a8583aad3566cdc5784a","/static/media/evidation.de5592f1.png":"807e95fc97c477aaa2acae9aaf3f0d7f0bebb29fe85a2b8a222d028e36d762db","/static/media/faq_dropdown_down.401bae75.svg":"f4770e8684047d37db9e859ab26acb6dc70c0731dc5a06ef7939be196f0afda3","/static/media/faq_dropdown_up.b818eb81.svg":"909fa01721a6d84ab4faf5ba12e2a51c1dbf981c60c4df383a3b3aeae51f5288","/static/media/fish_submit(2).2bf8fff4.svg":"b478024b13c9a624df77a55ff6c368a06d2b0535997eeaece6178012dab287d8","/static/media/fish_submit.a98a7d89.svg":"479469b89d6ddace1bc74fdef362d705524182cce057e5b702566d3d8607252c","/static/media/invoca.5b830193.png":"e65f7618654d635db24811385cea011a253ac389d4f8622898fdb15de6794536","/manifest.json":"0958a5e0c831126100c8c2d06a6bbaa665a3900f21aaff4130238a6f5a113aa1","/assets/otter_holding_mail.png":"26352a78b3c45af9ee056593d414c3ab5323579ce14776f825b5c1a4aa4e4787","/icons/twitter.png":"00c33b5aa6807370810164a7a908bd75b89198cbba0adbbac6af98b0f4372707","/static/media/Nexa Bold.c2b99812.otf":"3c31d9ff895fc0877d1e28869a3cf47ad6a33ff6e232f6e98b7200db592b40a4","/static/media/Nexa Light.2bac835e.otf":"8ee09399ee73d10be6a41f0f0cd217fc4638a13a8e984534156396526d8afc9f","/static/media/alcon.060e2ee8.png":"43d63ae6c2acd1e94c133f6244a2bad6c9f34b84c565ca8820f26c7db801fb47","/static/media/amazon.0061c2e0.png":"9d46c0adf3d361bdc28d030b91dbcf939f0ce10286d3cfb39fb8641882a92412","/static/media/firebase.522d1e17.png":"4d1fe74d6111ffa6495b9e5c1f894276e024ae65ca081f46f166ab128c0d17e7","/static/media/hvmn.644514b0.png":"1d7f02e6d13f80fc2afb65254ddc4a2dfd1c4c265ec51c3a8616109c04389d90","/static/media/gcp.d3326e0b.png":"a8b446ee50b7e6e93da8704c2e042ad6a7f89ce581f20da9103b1acd5440cd1a","/static/media/appfolio.5add30d9.png":"557fbe8e8f135e677e6f53948bf2523058310ed79ce1ee0f630099082ec143b3","/static/media/ccs.3afe1f6f.png":"f48a6d9bad8f2bdfe4935dbceb996bd3251fea07cdabbd31f5dfb776c453db28","/static/media/comgrants.96ce82cf.png":"aecd2bf3879cbd0235373e6ed13ff6fc05a59e11ada3154e2658f50c0d6e5517","/icons/email-alt.png":"9c13439004274a966a6452ab3c17613b62f317018e0a76031dff08acc15f1b46","/assets/sbhacks_logo.png":"820e6346acb684925bbeb2e66532c0f6b4de89287b5c8d5c7f2339e77289b925","/icons/instagram.png":"195778d2fa18a79e4ee889136aa21132b2f8d14a38e7fbe8d1ff8e77560b8197","/static/media/flatLogo_white.ee67f091.png":"820e6346acb684925bbeb2e66532c0f6b4de89287b5c8d5c7f2339e77289b925","/static/media/landmark.a74ed7bc.svg":"bf8c9ad2e4b67a43bb11151c856707af244fad2a8761e83950dac51f0b8ee07a","/static/media/ng.c207f3aa.png":"fbd00ba85fca3a46cb2228d56b00c886fb9e112236ebf580e15fb18a30791272","/static/media/otter_booth.6f8244f6.svg":"dc857c53c995d56131f7a961cc8a6d4ac33ffae3be93e830d56578f3264395b0","/static/media/questionmark.444ec3da.svg":"a220fbe2d73cfd56ebfe7f65f63ee4efd3897fe9d7664807892588bb9db95bf2","/static/media/sign_darker_right.7af06b43.svg":"34aa313eea7563f054d617463be4ae9b02c1748663e31048e32dcc40b4d73015","/static/media/sign_lighter.282d8fb9.svg":"fb6bb7b52fa1dcba7f82ae41b3ff7102c0bd34420ed65500f63508a4a672961c","/static/media/stickermule.e894a47b.png":"6c0d26938a8086eb58b844248fdc0b70ac92d22ea61a3a5dc05f69569db98298","/static/media/otter_balloon_cart.46dbac54.svg":"7dbd61046190ed43dac8cf0929d06cb6ef6a18b8325bb892187b52b9beb0a92b","/static/media/ticket_blank.c175fc54.svg":"e7931526032b791872fadd5d2ebbed91e2a46e5aa5c3decc894b55349cb3ed17","/static/media/lockheed.418fd71a.png":"c061fcfd4fd96f964993ae118d80b79cf5985cecb73cbc1930574c3e70f39438","/static/media/osl.e0bb8a7b.png":"96bae6812ce86291d5a51375919ef1b1f826d485024210d01884c5993a37f26a","/static/media/pressedjuicery.083d9ea6.png":"e7fb79488519f6aed7b566406d15857f3001a1e54924a70d57276f84bafeb4a3","/static/media/synapse.0ad3be10.png":"43b7d90b700b990d173381ff41906d8a50d0c32d534926293748673291f45d29","/static/media/AssemblyAI logo-png.9687abeb.png":"74c62c721fa60634a2653fc8a634eaf14628dcf8dec21f9d6fd8982eefd1dabe","/static/js/main.c6475b3d.chunk.js":"f66581e5b46e56e461bff25940b6eddbdfc729ea6bc5eecefa89d0704f25c7f2","/static/media/zest.e0880da1.png":"1997d6500249a76f2c3ab82f209ce6cbfe91516c42e9e6d0530b394643923bad","/email_banner.jpg":"6044ebd358642deb214ecaf66d389436e7e38396cce6f5c903422d9508680872","/assets/email_banner.jpg":"6044ebd358642deb214ecaf66d389436e7e38396cce6f5c903422d9508680872","/static/media/otter.c6149e14.svg":"6d0b02dc2cf5ddc1134581093e3466a757c31c2461f7b732552bb2f44e1f94d9","/static/media/payjunction.102cd5f8.png":"6b8e8210e6b50267f7cbb77d1f59a3c1f65362b2abf69954eec0d5986dc1dc15","/static/media/asfb.ea036f90.png":"22628454006ad8d32453593913e1513705689ad952d93d27cefe164777f57d8b","/static/media/coe.ec4c3a1b.png":"578ffd9fe389dc0497533c33cbb13858be6b617a94f53e002f0f9912d4ecb65f","/static/js/main.c6475b3d.chunk.js.map":"5ed44ea1b84b468628d49a92cd76a277e39890e1360affab10f9adcc9a117cbd","/static/media/tileable_background.9738ccec.jpg":"8d701da72d56392ba02d30fe628422950fb3f945f9fc304c2b307c46fbb13552","/static/media/carnival.a58c7aca.svg":"a782f64801bbb23dccb80e8069403f4c00402a08d0fc85b5a66c002e8198b5e5","/icons/medium.png":"30241378a8eb3c208cf459fffd037105cc531b914ca525d88bbed600649fb471","/static/media/yachak.69457a84.png":"2391a3668e5fd0497ca9582d29688b15ae1337d396553ac3afbfca01467ece3b","/static/js/2.1682ddc0.chunk.js":"7bdcff450e2e6657bf5f3453a7a8de4f24afa71e165d6effea635567645e63ef","/assets/tiersheet.pdf":"deeac4c4072ddc972de9e8a11686c5e8c4d5c9f133265fda02b7f97565fc5b0b","/tiersheet.pdf":"deeac4c4072ddc972de9e8a11686c5e8c4d5c9f133265fda02b7f97565fc5b0b","/static/js/2.1682ddc0.chunk.js.map":"0d7411a7267905d5facddd29e9df79bace27039481dec198c734044633d35481"}}
[debug] [2023-03-02T02:08:47.178Z] <<< [apiv2][status] POST https://firebasehosting.googleapis.com/v1beta1/projects/229761677178/sites/sbhacks-viii-site/versions/70ea4b0986276672:populateFiles 200
[debug] [2023-03-02T02:08:47.178Z] <<< [apiv2][body] POST https://firebasehosting.googleapis.com/v1beta1/projects/229761677178/sites/sbhacks-viii-site/versions/70ea4b0986276672:populateFiles {"uploadRequiredHashes":["deeac4c4072ddc972de9e8a11686c5e8c4d5c9f133265fda02b7f97565fc5b0b"],"uploadUrl":"https://upload-firebasehosting.googleapis.com/upload/sites/sbhacks-viii-site/versions/70ea4b0986276672/files"}
[debug] [2023-03-02T02:08:47.180Z] >>> [apiv2][query] POST https://upload-firebasehosting.googleapis.com/upload/sites/sbhacks-viii-site/versions/70ea4b0986276672/files/deeac4c4072ddc972de9e8a11686c5e8c4d5c9f133265fda02b7f97565fc5b0b [none]
[debug] [2023-03-02T02:08:47.181Z] >>> [apiv2][body] POST https://upload-firebasehosting.googleapis.com/upload/sites/sbhacks-viii-site/versions/70ea4b0986276672/files/deeac4c4072ddc972de9e8a11686c5e8c4d5c9f133265fda02b7f97565fc5b0b [stream]
[debug] [2023-03-02T02:08:47.183Z] [hosting][populate queue][FINAL] {"max":771,"min":771,"avg":771,"active":0,"complete":1,"success":1,"errored":0,"retried":0,"total":1,"elapsed":774}
[debug] [2023-03-02T02:08:47.184Z] [hosting] uploads queued: 1
[debug] [2023-03-02T02:08:53.236Z] <<< [apiv2][status] POST https://upload-firebasehosting.googleapis.com/upload/sites/sbhacks-viii-site/versions/70ea4b0986276672/files/deeac4c4072ddc972de9e8a11686c5e8c4d5c9f133265fda02b7f97565fc5b0b 200
[debug] [2023-03-02T02:08:53.236Z] <<< [apiv2][body] POST https://upload-firebasehosting.googleapis.com/upload/sites/sbhacks-viii-site/versions/70ea4b0986276672/files/deeac4c4072ddc972de9e8a11686c5e8c4d5c9f133265fda02b7f97565fc5b0b [stream]
[debug] [2023-03-02T02:08:53.236Z] [hosting][upload queue][FINAL] {"max":6058,"min":6058,"avg":6058,"active":0,"complete":1,"success":1,"errored":0,"retried":0,"total":1,"elapsed":6058}
[info] ✔  hosting[sbhacks-viii-site]: file upload complete 
[debug] [2023-03-02T02:08:53.239Z] [hosting] deploy completed after 14475ms
[debug] [2023-03-02T02:08:53.242Z] [
  {
    "config": {
      "redirects": [
        {
          "source": "/organize",
          "destination": "https://forms.gle/bKbdJ1reaNxY5FqT8",
          "type": 301
        }
      ],
      "rewrites": [
        {
          "source": "**",
          "destination": "/index.html"
        }
      ],
      "public": "build",
      "ignore": [
        "firebase.json",
        "**/.*",
        "**/node_modules/**"
      ],
      "site": "sbhacks-viii-site"
    },
    "version": "projects/229761677178/sites/sbhacks-viii-site/versions/70ea4b0986276672"
  }
]
[info] i  hosting[sbhacks-viii-site]: finalizing version... 
[debug] [2023-03-02T02:08:53.247Z] >>> [apiv2][query] PATCH https://firebasehosting.googleapis.com/v1beta1/projects/-/sites/sbhacks-viii-site/versions/70ea4b0986276672 updateMask=status%2Cconfig
[debug] [2023-03-02T02:08:53.247Z] >>> [apiv2][body] PATCH https://firebasehosting.googleapis.com/v1beta1/projects/-/sites/sbhacks-viii-site/versions/70ea4b0986276672 {"status":"FINALIZED","config":{"rewrites":[{"glob":"**","path":"/index.html"}],"redirects":[{"glob":"/organize","location":"https://forms.gle/bKbdJ1reaNxY5FqT8","statusCode":301}]}}
[debug] [2023-03-02T02:08:53.795Z] <<< [apiv2][status] PATCH https://firebasehosting.googleapis.com/v1beta1/projects/-/sites/sbhacks-viii-site/versions/70ea4b0986276672 200
[debug] [2023-03-02T02:08:53.796Z] <<< [apiv2][body] PATCH https://firebasehosting.googleapis.com/v1beta1/projects/-/sites/sbhacks-viii-site/versions/70ea4b0986276672 {"name":"projects/229761677178/sites/sbhacks-viii-site/versions/70ea4b0986276672","status":"FINALIZED","config":{"redirects":[{"statusCode":301,"location":"https://forms.gle/bKbdJ1reaNxY5FqT8","glob":"/organize"}],"rewrites":[{"glob":"**","path":"/index.html"}]},"labels":{"deployment-tool":"cli-firebase"},"createTime":"2023-03-02T02:08:32.204548Z","createUser":{"email":"ucsbhacks@gmail.com"},"finalizeTime":"2023-03-02T02:08:48.412921Z","finalizeUser":{"email":"ucsbhacks@gmail.com"}}
[debug] [2023-03-02T02:08:53.796Z] [hosting] finalized version for sbhacks-viii-site:[object Object]
[info] ✔  hosting[sbhacks-viii-site]: version finalized 
[info] i  hosting[sbhacks-viii-site]: releasing new version... 
[debug] [2023-03-02T02:08:53.798Z] >>> [apiv2][query] POST https://firebasehosting.googleapis.com/v1beta1/projects/-/sites/sbhacks-viii-site/channels/live/releases versionName=projects%2F229761677178%2Fsites%2Fsbhacks-viii-site%2Fversions%2F70ea4b0986276672
[debug] [2023-03-02T02:08:53.798Z] >>> [apiv2][body] POST https://firebasehosting.googleapis.com/v1beta1/projects/-/sites/sbhacks-viii-site/channels/live/releases {}
[debug] [2023-03-02T02:08:54.452Z] <<< [apiv2][status] POST https://firebasehosting.googleapis.com/v1beta1/projects/-/sites/sbhacks-viii-site/channels/live/releases 200
[debug] [2023-03-02T02:08:54.453Z] <<< [apiv2][body] POST https://firebasehosting.googleapis.com/v1beta1/projects/-/sites/sbhacks-viii-site/channels/live/releases {"name":"projects/229761677178/sites/sbhacks-viii-site/channels/live/releases/1677722928432000","version":{"name":"projects/229761677178/sites/sbhacks-viii-site/versions/70ea4b0986276672","status":"FINALIZED","config":{"redirects":[{"statusCode":301,"location":"https://forms.gle/bKbdJ1reaNxY5FqT8","glob":"/organize"}],"rewrites":[{"glob":"**","path":"/index.html"}]},"labels":{"deployment-tool":"cli-firebase"},"createTime":"2023-03-02T02:08:32.204548Z","createUser":{"email":"ucsbhacks@gmail.com","imageUrl":"https://lh3.googleusercontent.com/a/AGNmyxaE_VvMvNUGjKUqVW6Zc9B6TnyQ41PlJQxlA0iRPA"},"finalizeTime":"2023-03-02T02:08:48.412921Z","finalizeUser":{"email":"ucsbhacks@gmail.com","imageUrl":"https://lh3.googleusercontent.com/a/AGNmyxaE_VvMvNUGjKUqVW6Zc9B6TnyQ41PlJQxlA0iRPA"}},"type":"DEPLOY","releaseTime":"2023-03-02T02:08:48.432Z","releaseUser":{"email":"ucsbhacks@gmail.com","imageUrl":"https://lh3.googleusercontent.com/a/AGNmyxaE_VvMvNUGjKUqVW6Zc9B6TnyQ41PlJQxlA0iRPA"}}
[debug] [2023-03-02T02:08:54.454Z] [hosting] release: {"name":"projects/229761677178/sites/sbhacks-viii-site/channels/live/releases/1677722928432000","version":{"name":"projects/229761677178/sites/sbhacks-viii-site/versions/70ea4b0986276672","status":"FINALIZED","config":{"redirects":[{"statusCode":301,"location":"https://forms.gle/bKbdJ1reaNxY5FqT8","glob":"/organize"}],"rewrites":[{"glob":"**","path":"/index.html"}]},"labels":{"deployment-tool":"cli-firebase"},"createTime":"2023-03-02T02:08:32.204548Z","createUser":{"email":"ucsbhacks@gmail.com","imageUrl":"https://lh3.googleusercontent.com/a/AGNmyxaE_VvMvNUGjKUqVW6Zc9B6TnyQ41PlJQxlA0iRPA"},"finalizeTime":"2023-03-02T02:08:48.412921Z","finalizeUser":{"email":"ucsbhacks@gmail.com","imageUrl":"https://lh3.googleusercontent.com/a/AGNmyxaE_VvMvNUGjKUqVW6Zc9B6TnyQ41PlJQxlA0iRPA"}},"type":"DEPLOY","releaseTime":"2023-03-02T02:08:48.432Z","releaseUser":{"email":"ucsbhacks@gmail.com","imageUrl":"https://lh3.googleusercontent.com/a/AGNmyxaE_VvMvNUGjKUqVW6Zc9B6TnyQ41PlJQxlA0iRPA"}}
[info] ✔  hosting[sbhacks-viii-site]: release complete 
